[2024-07-03 01:45:13] local.ERROR: The "/Users/macmini/Documents/Dev Assets/LaravelClass/muslim-app-api/resources/views" directory does not exist. {"exception":"[object] (Symfony\\Component\\Finder\\Exception\\DirectoryNotFoundException(code: 0): The \"/Users/macmini/Documents/Dev Assets/LaravelClass/muslim-app-api/resources/views\" directory does not exist. at /Users/macmini/Documents/Dev Assets/LaravelClass/muslim-app-api/muslimApp/vendor/symfony/finder/Finder.php:646)
[stacktrace]
#0 /Users/macmini/Documents/Dev Assets/LaravelClass/muslim-app-api/muslimApp/vendor/laravel/framework/src/Illuminate/Foundation/Console/ViewCacheCommand.php(88): Symfony\\Component\\Finder\\Finder->in(Array)
#1 /Users/macmini/Documents/Dev Assets/LaravelClass/muslim-app-api/muslimApp/vendor/laravel/framework/src/Illuminate/Foundation/Console/ViewCacheCommand.php(43): Illuminate\\Foundation\\Console\\ViewCacheCommand->bladeFilesIn(Array)
#2 /Users/macmini/Documents/Dev Assets/LaravelClass/muslim-app-api/muslimApp/vendor/laravel/framework/src/Illuminate/Collections/Traits/EnumeratesValues.php(259): Illuminate\\Foundation\\Console\\ViewCacheCommand->Illuminate\\Foundation\\Console\\{closure}('/Users/macmini/...', 0)
#3 /Users/macmini/Documents/Dev Assets/LaravelClass/muslim-app-api/muslimApp/vendor/laravel/framework/src/Illuminate/Foundation/Console/ViewCacheCommand.php(38): Illuminate\\Support\\Collection->each(Object(Closure))
#4 /Users/macmini/Documents/Dev Assets/LaravelClass/muslim-app-api/muslimApp/vendor/laravel/framework/src/Illuminate/Container/BoundMethod.php(36): Illuminate\\Foundation\\Console\\ViewCacheCommand->handle()
#5 /Users/macmini/Documents/Dev Assets/LaravelClass/muslim-app-api/muslimApp/vendor/laravel/framework/src/Illuminate/Container/Util.php(41): Illuminate\\Container\\BoundMethod::Illuminate\\Container\\{closure}()
#6 /Users/macmini/Documents/Dev Assets/LaravelClass/muslim-app-api/muslimApp/vendor/laravel/framework/src/Illuminate/Container/BoundMethod.php(93): Illuminate\\Container\\Util::unwrapIfClosure(Object(Closure))
#7 /Users/macmini/Documents/Dev Assets/LaravelClass/muslim-app-api/muslimApp/vendor/laravel/framework/src/Illuminate/Container/BoundMethod.php(35): Illuminate\\Container\\BoundMethod::callBoundMethod(Object(Illuminate\\Foundation\\Application), Array, Object(Closure))
#8 /Users/macmini/Documents/Dev Assets/LaravelClass/muslim-app-api/muslimApp/vendor/laravel/framework/src/Illuminate/Container/Container.php(662): Illuminate\\Container\\BoundMethod::call(Object(Illuminate\\Foundation\\Application), Array, Array, NULL)
#9 /Users/macmini/Documents/Dev Assets/LaravelClass/muslim-app-api/muslimApp/vendor/laravel/framework/src/Illuminate/Console/Command.php(213): Illuminate\\Container\\Container->call(Array)
#10 /Users/macmini/Documents/Dev Assets/LaravelClass/muslim-app-api/muslimApp/vendor/symfony/console/Command/Command.php(279): Illuminate\\Console\\Command->execute(Object(Symfony\\Component\\Console\\Input\\ArrayInput), Object(Illuminate\\Console\\OutputStyle))
#11 /Users/macmini/Documents/Dev Assets/LaravelClass/muslim-app-api/muslimApp/vendor/laravel/framework/src/Illuminate/Console/Command.php(182): Symfony\\Component\\Console\\Command\\Command->run(Object(Symfony\\Component\\Console\\Input\\ArrayInput), Object(Illuminate\\Console\\OutputStyle))
#12 /Users/macmini/Documents/Dev Assets/LaravelClass/muslim-app-api/muslimApp/vendor/laravel/framework/src/Illuminate/Console/Concerns/CallsCommands.php(67): Illuminate\\Console\\Command->run(Object(Symfony\\Component\\Console\\Input\\ArrayInput), Object(Symfony\\Component\\Console\\Output\\NullOutput))
#13 /Users/macmini/Documents/Dev Assets/LaravelClass/muslim-app-api/muslimApp/vendor/laravel/framework/src/Illuminate/Console/Concerns/CallsCommands.php(40): Illuminate\\Console\\Command->runCommand('view:cache', Array, Object(Symfony\\Component\\Console\\Output\\NullOutput))
#14 /Users/macmini/Documents/Dev Assets/LaravelClass/muslim-app-api/muslimApp/vendor/laravel/framework/src/Illuminate/Foundation/Console/OptimizeCommand.php(38): Illuminate\\Console\\Command->callSilent('view:cache')
#15 /Users/macmini/Documents/Dev Assets/LaravelClass/muslim-app-api/muslimApp/vendor/laravel/framework/src/Illuminate/Console/View/Components/Task.php(40): Illuminate\\Foundation\\Console\\OptimizeCommand->Illuminate\\Foundation\\Console\\{closure}()
#16 /Users/macmini/Documents/Dev Assets/LaravelClass/muslim-app-api/muslimApp/vendor/laravel/framework/src/Illuminate/Console/View/Components/Factory.php(58): Illuminate\\Console\\View\\Components\\Task->render('views', Object(Closure))
#17 /Users/macmini/Documents/Dev Assets/LaravelClass/muslim-app-api/muslimApp/vendor/laravel/framework/src/Illuminate/Foundation/Console/OptimizeCommand.php(39): Illuminate\\Console\\View\\Components\\Factory->__call('task', Array)
#18 /Users/macmini/Documents/Dev Assets/LaravelClass/muslim-app-api/muslimApp/vendor/laravel/framework/src/Illuminate/Collections/Traits/EnumeratesValues.php(259): Illuminate\\Foundation\\Console\\OptimizeCommand->Illuminate\\Foundation\\Console\\{closure}(Object(Closure), 'views')
#19 /Users/macmini/Documents/Dev Assets/LaravelClass/muslim-app-api/muslimApp/vendor/laravel/framework/src/Illuminate/Foundation/Console/OptimizeCommand.php(39): Illuminate\\Support\\Collection->each(Object(Closure))
#20 /Users/macmini/Documents/Dev Assets/LaravelClass/muslim-app-api/muslimApp/vendor/laravel/framework/src/Illuminate/Container/BoundMethod.php(36): Illuminate\\Foundation\\Console\\OptimizeCommand->handle()
#21 /Users/macmini/Documents/Dev Assets/LaravelClass/muslim-app-api/muslimApp/vendor/laravel/framework/src/Illuminate/Container/Util.php(41): Illuminate\\Container\\BoundMethod::Illuminate\\Container\\{closure}()
#22 /Users/macmini/Documents/Dev Assets/LaravelClass/muslim-app-api/muslimApp/vendor/laravel/framework/src/Illuminate/Container/BoundMethod.php(93): Illuminate\\Container\\Util::unwrapIfClosure(Object(Closure))
#23 /Users/macmini/Documents/Dev Assets/LaravelClass/muslim-app-api/muslimApp/vendor/laravel/framework/src/Illuminate/Container/BoundMethod.php(35): Illuminate\\Container\\BoundMethod::callBoundMethod(Object(Illuminate\\Foundation\\Application), Array, Object(Closure))
#24 /Users/macmini/Documents/Dev Assets/LaravelClass/muslim-app-api/muslimApp/vendor/laravel/framework/src/Illuminate/Container/Container.php(662): Illuminate\\Container\\BoundMethod::call(Object(Illuminate\\Foundation\\Application), Array, Array, NULL)
#25 /Users/macmini/Documents/Dev Assets/LaravelClass/muslim-app-api/muslimApp/vendor/laravel/framework/src/Illuminate/Console/Command.php(213): Illuminate\\Container\\Container->call(Array)
#26 /Users/macmini/Documents/Dev Assets/LaravelClass/muslim-app-api/muslimApp/vendor/symfony/console/Command/Command.php(279): Illuminate\\Console\\Command->execute(Object(Symfony\\Component\\Console\\Input\\ArgvInput), Object(Illuminate\\Console\\OutputStyle))
#27 /Users/macmini/Documents/Dev Assets/LaravelClass/muslim-app-api/muslimApp/vendor/laravel/framework/src/Illuminate/Console/Command.php(182): Symfony\\Component\\Console\\Command\\Command->run(Object(Symfony\\Component\\Console\\Input\\ArgvInput), Object(Illuminate\\Console\\OutputStyle))
#28 /Users/macmini/Documents/Dev Assets/LaravelClass/muslim-app-api/muslimApp/vendor/symfony/console/Application.php(1049): Illuminate\\Console\\Command->run(Object(Symfony\\Component\\Console\\Input\\ArgvInput), Object(Symfony\\Component\\Console\\Output\\ConsoleOutput))
#29 /Users/macmini/Documents/Dev Assets/LaravelClass/muslim-app-api/muslimApp/vendor/symfony/console/Application.php(318): Symfony\\Component\\Console\\Application->doRunCommand(Object(Illuminate\\Foundation\\Console\\OptimizeCommand), Object(Symfony\\Component\\Console\\Input\\ArgvInput), Object(Symfony\\Component\\Console\\Output\\ConsoleOutput))
#30 /Users/macmini/Documents/Dev Assets/LaravelClass/muslim-app-api/muslimApp/vendor/symfony/console/Application.php(169): Symfony\\Component\\Console\\Application->doRun(Object(Symfony\\Component\\Console\\Input\\ArgvInput), Object(Symfony\\Component\\Console\\Output\\ConsoleOutput))
#31 /Users/macmini/Documents/Dev Assets/LaravelClass/muslim-app-api/muslimApp/vendor/laravel/framework/src/Illuminate/Foundation/Console/Kernel.php(196): Symfony\\Component\\Console\\Application->run(Object(Symfony\\Component\\Console\\Input\\ArgvInput), Object(Symfony\\Component\\Console\\Output\\ConsoleOutput))
#32 /Users/macmini/Documents/Dev Assets/LaravelClass/muslim-app-api/muslimApp/vendor/laravel/framework/src/Illuminate/Foundation/Application.php(1187): Illuminate\\Foundation\\Console\\Kernel->handle(Object(Symfony\\Component\\Console\\Input\\ArgvInput), Object(Symfony\\Component\\Console\\Output\\ConsoleOutput))
#33 /Users/macmini/Documents/Dev Assets/LaravelClass/muslim-app-api/muslimApp/artisan(13): Illuminate\\Foundation\\Application->handleCommand(Object(Symfony\\Component\\Console\\Input\\ArgvInput))
#34 {main}
"} 
